<?xml version="1.0" encoding="UTF-8"?>
<!-- Generated by org.testng.reporters.JUnitReportReporter -->
<testsuite hostname="LGWindows" failures="0" tests="5" name="com.tests.Tests" time="62.114" errors="0" timestamp="2022-03-17T04:55:22 EDT" skipped="0">
  <testcase classname="com.tests.Tests" name="performVerifications" time="9.051"/>
  <system-out/>
  <testcase classname="com.tests.Tests" name="performVerifications" time="12.079"/>
  <system-out/>
  <testcase classname="com.tests.Tests" name="performVerifications" time="17.785"/>
  <system-out/>
  <testcase classname="com.tests.Tests" name="performVerifications" time="14.905"/>
  <system-out/>
  <testcase classname="com.tests.Tests" name="performVerifications" time="8.294"/>
  <system-out/>
</testsuite> <!-- com.tests.Tests -->
